<?xml version="1.0" encoding="UTF-8"?>
<testsuite xmlns:xsi="http://www.w3.org/2001/XMLSchema-instance" xsi:noNamespaceSchemaLocation="https://maven.apache.org/surefire/maven-surefire-plugin/xsd/surefire-test-report.xsd" name="cn.leaseplatform.ServiceOssTest" time="0.947" tests="1" errors="0" skipped="0" failures="0">
  <properties>
    <property name="sun.desktop" value="windows"/>
    <property name="awt.toolkit" value="sun.awt.windows.WToolkit"/>
    <property name="file.encoding.pkg" value="sun.io"/>
    <property name="java.specification.version" value="1.8"/>
    <property name="sun.cpu.isalist" value="amd64"/>
    <property name="sun.jnu.encoding" value="GBK"/>
    <property name="java.class.path" value="M:\比赛项目\pro\leaseplatform\service\service-oss\target\test-classes;M:\比赛项目\pro\leaseplatform\service\service-oss\target\classes;D:\Maven\maven_jar\com\aliyun\oss\aliyun-sdk-oss\3.10.2\aliyun-sdk-oss-3.10.2.jar;D:\Maven\maven_jar\org\apache\httpcomponents\httpclient\4.5.13\httpclient-4.5.13.jar;D:\Maven\maven_jar\org\apache\httpcomponents\httpcore\4.4.14\httpcore-4.4.14.jar;D:\Maven\maven_jar\commons-codec\commons-codec\1.14\commons-codec-1.14.jar;D:\Maven\maven_jar\org\jdom\jdom2\2.0.6\jdom2-2.0.6.jar;D:\Maven\maven_jar\org\codehaus\jettison\jettison\1.1\jettison-1.1.jar;D:\Maven\maven_jar\stax\stax-api\1.0.1\stax-api-1.0.1.jar;D:\Maven\maven_jar\com\aliyun\aliyun-java-sdk-core\3.4.0\aliyun-java-sdk-core-3.4.0.jar;D:\Maven\maven_jar\com\aliyun\aliyun-java-sdk-ram\3.0.0\aliyun-java-sdk-ram-3.0.0.jar;D:\Maven\maven_jar\com\aliyun\aliyun-java-sdk-sts\3.0.0\aliyun-java-sdk-sts-3.0.0.jar;D:\Maven\maven_jar\com\aliyun\aliyun-java-sdk-ecs\4.2.0\aliyun-java-sdk-ecs-4.2.0.jar;D:\Maven\maven_jar\com\aliyun\aliyun-java-sdk-kms\2.7.0\aliyun-java-sdk-kms-2.7.0.jar;D:\Maven\maven_jar\com\google\code\gson\gson\2.8.6\gson-2.8.6.jar;D:\Maven\maven_jar\joda-time\joda-time\2.10.10\joda-time-2.10.10.jar;D:\Maven\maven_jar\org\springframework\boot\spring-boot-configuration-processor\2.3.7.RELEASE\spring-boot-configuration-processor-2.3.7.RELEASE.jar;D:\Maven\maven_jar\com\alibaba\cloud\spring-cloud-starter-alibaba-nacos-discovery\2.2.5.RELEASE\spring-cloud-starter-alibaba-nacos-discovery-2.2.5.RELEASE.jar;D:\Maven\maven_jar\com\alibaba\cloud\spring-cloud-alibaba-commons\2.2.5.RELEASE\spring-cloud-alibaba-commons-2.2.5.RELEASE.jar;D:\Maven\maven_jar\com\alibaba\nacos\nacos-client\1.4.1\nacos-client-1.4.1.jar;D:\Maven\maven_jar\com\alibaba\nacos\nacos-common\1.4.1\nacos-common-1.4.1.jar;D:\Maven\maven_jar\commons-io\commons-io\2.2\commons-io-2.2.jar;D:\Maven\maven_jar\org\apache\httpcomponents\httpasyncclient\4.1.4\httpasyncclient-4.1.4.jar;D:\Maven\maven_jar\org\apache\httpcomponents\httpcore-nio\4.4.14\httpcore-nio-4.4.14.jar;D:\Maven\maven_jar\com\alibaba\nacos\nacos-api\1.4.1\nacos-api-1.4.1.jar;D:\Maven\maven_jar\com\google\guava\guava\24.1.1-jre\guava-24.1.1-jre.jar;D:\Maven\maven_jar\com\google\code\findbugs\jsr305\1.3.9\jsr305-1.3.9.jar;D:\Maven\maven_jar\org\checkerframework\checker-compat-qual\2.0.0\checker-compat-qual-2.0.0.jar;D:\Maven\maven_jar\com\google\errorprone\error_prone_annotations\2.1.3\error_prone_annotations-2.1.3.jar;D:\Maven\maven_jar\com\google\j2objc\j2objc-annotations\1.1\j2objc-annotations-1.1.jar;D:\Maven\maven_jar\org\codehaus\mojo\animal-sniffer-annotations\1.14\animal-sniffer-annotations-1.14.jar;D:\Maven\maven_jar\com\fasterxml\jackson\core\jackson-core\2.11.3\jackson-core-2.11.3.jar;D:\Maven\maven_jar\com\fasterxml\jackson\core\jackson-databind\2.11.3\jackson-databind-2.11.3.jar;D:\Maven\maven_jar\com\fasterxml\jackson\core\jackson-annotations\2.11.3\jackson-annotations-2.11.3.jar;D:\Maven\maven_jar\io\prometheus\simpleclient\0.5.0\simpleclient-0.5.0.jar;D:\Maven\maven_jar\org\yaml\snakeyaml\1.26\snakeyaml-1.26.jar;D:\Maven\maven_jar\com\alibaba\spring\spring-context-support\1.0.10\spring-context-support-1.0.10.jar;D:\Maven\maven_jar\org\springframework\cloud\spring-cloud-commons\2.2.5.RELEASE\spring-cloud-commons-2.2.5.RELEASE.jar;D:\Maven\maven_jar\org\springframework\security\spring-security-crypto\5.3.6.RELEASE\spring-security-crypto-5.3.6.RELEASE.jar;D:\Maven\maven_jar\org\springframework\cloud\spring-cloud-context\2.2.5.RELEASE\spring-cloud-context-2.2.5.RELEASE.jar;D:\Maven\maven_jar\org\springframework\cloud\spring-cloud-starter-netflix-ribbon\2.2.5.RELEASE\spring-cloud-starter-netflix-ribbon-2.2.5.RELEASE.jar;D:\Maven\maven_jar\org\springframework\cloud\spring-cloud-netflix-ribbon\2.2.5.RELEASE\spring-cloud-netflix-ribbon-2.2.5.RELEASE.jar;D:\Maven\maven_jar\org\springframework\cloud\spring-cloud-netflix-archaius\2.2.5.RELEASE\spring-cloud-netflix-archaius-2.2.5.RELEASE.jar;D:\Maven\maven_jar\org\springframework\cloud\spring-cloud-starter-netflix-archaius\2.2.5.RELEASE\spring-cloud-starter-netflix-archaius-2.2.5.RELEASE.jar;D:\Maven\maven_jar\commons-configuration\commons-configuration\1.8\commons-configuration-1.8.jar;D:\Maven\maven_jar\com\netflix\ribbon\ribbon\2.3.0\ribbon-2.3.0.jar;D:\Maven\maven_jar\com\netflix\ribbon\ribbon-transport\2.3.0\ribbon-transport-2.3.0.jar;D:\Maven\maven_jar\io\reactivex\rxnetty-contexts\0.4.9\rxnetty-contexts-0.4.9.jar;D:\Maven\maven_jar\io\reactivex\rxnetty-servo\0.4.9\rxnetty-servo-0.4.9.jar;D:\Maven\maven_jar\javax\inject\javax.inject\1\javax.inject-1.jar;D:\Maven\maven_jar\io\reactivex\rxnetty\0.4.9\rxnetty-0.4.9.jar;D:\Maven\maven_jar\com\netflix\ribbon\ribbon-core\2.3.0\ribbon-core-2.3.0.jar;D:\Maven\maven_jar\commons-lang\commons-lang\2.6\commons-lang-2.6.jar;D:\Maven\maven_jar\com\netflix\ribbon\ribbon-httpclient\2.3.0\ribbon-httpclient-2.3.0.jar;D:\Maven\maven_jar\commons-collections\commons-collections\3.2.2\commons-collections-3.2.2.jar;D:\Maven\maven_jar\com\sun\jersey\jersey-client\1.19.1\jersey-client-1.19.1.jar;D:\Maven\maven_jar\com\sun\jersey\jersey-core\1.19.1\jersey-core-1.19.1.jar;D:\Maven\maven_jar\javax\ws\rs\jsr311-api\1.1.1\jsr311-api-1.1.1.jar;D:\Maven\maven_jar\com\sun\jersey\contribs\jersey-apache-client4\1.19.1\jersey-apache-client4-1.19.1.jar;D:\Maven\maven_jar\com\netflix\servo\servo-core\0.10.1\servo-core-0.10.1.jar;D:\Maven\maven_jar\com\netflix\servo\servo-internal\0.10.1\servo-internal-0.10.1.jar;D:\Maven\maven_jar\com\netflix\netflix-commons\netflix-commons-util\0.1.1\netflix-commons-util-0.1.1.jar;D:\Maven\maven_jar\com\netflix\ribbon\ribbon-loadbalancer\2.3.0\ribbon-loadbalancer-2.3.0.jar;D:\Maven\maven_jar\com\netflix\netflix-commons\netflix-statistics\0.1.1\netflix-statistics-0.1.1.jar;D:\Maven\maven_jar\io\reactivex\rxjava\1.3.8\rxjava-1.3.8.jar;D:\Maven\maven_jar\org\springframework\cloud\spring-cloud-starter-openfeign\2.2.5.RELEASE\spring-cloud-starter-openfeign-2.2.5.RELEASE.jar;D:\Maven\maven_jar\org\springframework\cloud\spring-cloud-starter\2.2.5.RELEASE\spring-cloud-starter-2.2.5.RELEASE.jar;D:\Maven\maven_jar\org\springframework\security\spring-security-rsa\1.0.9.RELEASE\spring-security-rsa-1.0.9.RELEASE.jar;D:\Maven\maven_jar\org\bouncycastle\bcpkix-jdk15on\1.64\bcpkix-jdk15on-1.64.jar;D:\Maven\maven_jar\org\bouncycastle\bcprov-jdk15on\1.64\bcprov-jdk15on-1.64.jar;D:\Maven\maven_jar\org\springframework\cloud\spring-cloud-openfeign-core\2.2.5.RELEASE\spring-cloud-openfeign-core-2.2.5.RELEASE.jar;D:\Maven\maven_jar\org\springframework\boot\spring-boot-starter-aop\2.3.7.RELEASE\spring-boot-starter-aop-2.3.7.RELEASE.jar;D:\Maven\maven_jar\org\springframework\spring-aop\5.2.12.RELEASE\spring-aop-5.2.12.RELEASE.jar;D:\Maven\maven_jar\io\github\openfeign\form\feign-form-spring\3.8.0\feign-form-spring-3.8.0.jar;D:\Maven\maven_jar\io\github\openfeign\form\feign-form\3.8.0\feign-form-3.8.0.jar;D:\Maven\maven_jar\commons-fileupload\commons-fileupload\1.4\commons-fileupload-1.4.jar;D:\Maven\maven_jar\org\springframework\spring-web\5.2.12.RELEASE\spring-web-5.2.12.RELEASE.jar;D:\Maven\maven_jar\org\springframework\spring-beans\5.2.12.RELEASE\spring-beans-5.2.12.RELEASE.jar;D:\Maven\maven_jar\io\github\openfeign\feign-core\10.10.1\feign-core-10.10.1.jar;D:\Maven\maven_jar\io\github\openfeign\feign-slf4j\10.10.1\feign-slf4j-10.10.1.jar;D:\Maven\maven_jar\org\slf4j\slf4j-api\1.7.30\slf4j-api-1.7.30.jar;D:\Maven\maven_jar\io\github\openfeign\feign-hystrix\10.10.1\feign-hystrix-10.10.1.jar;D:\Maven\maven_jar\com\netflix\archaius\archaius-core\0.7.6\archaius-core-0.7.6.jar;D:\Maven\maven_jar\com\netflix\hystrix\hystrix-core\1.5.18\hystrix-core-1.5.18.jar;D:\Maven\maven_jar\org\hdrhistogram\HdrHistogram\2.1.9\HdrHistogram-2.1.9.jar;D:\Maven\maven_jar\com\alibaba\cloud\spring-cloud-starter-alibaba-sentinel\2.2.5.RELEASE\spring-cloud-starter-alibaba-sentinel-2.2.5.RELEASE.jar;D:\Maven\maven_jar\com\alibaba\csp\sentinel-transport-simple-http\1.8.0\sentinel-transport-simple-http-1.8.0.jar;D:\Maven\maven_jar\com\alibaba\csp\sentinel-transport-common\1.8.0\sentinel-transport-common-1.8.0.jar;D:\Maven\maven_jar\com\alibaba\csp\sentinel-datasource-extension\1.8.0\sentinel-datasource-extension-1.8.0.jar;D:\Maven\maven_jar\com\alibaba\fastjson\1.2.71\fastjson-1.2.71.jar;D:\Maven\maven_jar\com\alibaba\csp\sentinel-annotation-aspectj\1.8.0\sentinel-annotation-aspectj-1.8.0.jar;D:\Maven\maven_jar\com\alibaba\csp\sentinel-core\1.8.0\sentinel-core-1.8.0.jar;D:\Maven\maven_jar\org\aspectj\aspectjrt\1.9.6\aspectjrt-1.9.6.jar;D:\Maven\maven_jar\org\aspectj\aspectjweaver\1.9.6\aspectjweaver-1.9.6.jar;D:\Maven\maven_jar\com\alibaba\cloud\spring-cloud-circuitbreaker-sentinel\2.2.5.RELEASE\spring-cloud-circuitbreaker-sentinel-2.2.5.RELEASE.jar;D:\Maven\maven_jar\com\alibaba\csp\sentinel-reactor-adapter\1.8.0\sentinel-reactor-adapter-1.8.0.jar;D:\Maven\maven_jar\com\alibaba\csp\sentinel-spring-webflux-adapter\1.8.0\sentinel-spring-webflux-adapter-1.8.0.jar;D:\Maven\maven_jar\com\alibaba\csp\sentinel-spring-webmvc-adapter\1.8.0\sentinel-spring-webmvc-adapter-1.8.0.jar;D:\Maven\maven_jar\com\alibaba\csp\sentinel-parameter-flow-control\1.8.0\sentinel-parameter-flow-control-1.8.0.jar;D:\Maven\maven_jar\com\googlecode\concurrentlinkedhashmap\concurrentlinkedhashmap-lru\1.4.2\concurrentlinkedhashmap-lru-1.4.2.jar;D:\Maven\maven_jar\com\alibaba\csp\sentinel-cluster-server-default\1.8.0\sentinel-cluster-server-default-1.8.0.jar;D:\Maven\maven_jar\com\alibaba\csp\sentinel-cluster-common-default\1.8.0\sentinel-cluster-common-default-1.8.0.jar;D:\Maven\maven_jar\io\netty\netty-handler\4.1.55.Final\netty-handler-4.1.55.Final.jar;D:\Maven\maven_jar\io\netty\netty-common\4.1.55.Final\netty-common-4.1.55.Final.jar;D:\Maven\maven_jar\io\netty\netty-resolver\4.1.55.Final\netty-resolver-4.1.55.Final.jar;D:\Maven\maven_jar\io\netty\netty-buffer\4.1.55.Final\netty-buffer-4.1.55.Final.jar;D:\Maven\maven_jar\io\netty\netty-transport\4.1.55.Final\netty-transport-4.1.55.Final.jar;D:\Maven\maven_jar\io\netty\netty-codec\4.1.55.Final\netty-codec-4.1.55.Final.jar;D:\Maven\maven_jar\com\alibaba\csp\sentinel-cluster-client-default\1.8.0\sentinel-cluster-client-default-1.8.0.jar;D:\Maven\maven_jar\com\alibaba\cloud\spring-cloud-alibaba-sentinel-datasource\2.2.5.RELEASE\spring-cloud-alibaba-sentinel-datasource-2.2.5.RELEASE.jar;D:\Maven\maven_jar\org\projectlombok\lombok\1.18.16\lombok-1.18.16.jar;D:\Maven\maven_jar\cn\hutool\hutool-all\5.3.3\hutool-all-5.3.3.jar;D:\Maven\maven_jar\mysql\mysql-connector-java\8.0.20\mysql-connector-java-8.0.20.jar;D:\Maven\maven_jar\com\baomidou\mybatis-plus-boot-starter\3.3.2\mybatis-plus-boot-starter-3.3.2.jar;D:\Maven\maven_jar\org\springframework\boot\spring-boot-autoconfigure\2.3.7.RELEASE\spring-boot-autoconfigure-2.3.7.RELEASE.jar;D:\Maven\maven_jar\org\springframework\boot\spring-boot\2.3.7.RELEASE\spring-boot-2.3.7.RELEASE.jar;D:\Maven\maven_jar\org\springframework\boot\spring-boot-starter-jdbc\2.3.7.RELEASE\spring-boot-starter-jdbc-2.3.7.RELEASE.jar;D:\Maven\maven_jar\com\zaxxer\HikariCP\3.4.5\HikariCP-3.4.5.jar;D:\Maven\maven_jar\org\springframework\spring-jdbc\5.2.12.RELEASE\spring-jdbc-5.2.12.RELEASE.jar;D:\Maven\maven_jar\org\springframework\spring-tx\5.2.12.RELEASE\spring-tx-5.2.12.RELEASE.jar;D:\Maven\maven_jar\org\mybatis\spring\boot\mybatis-spring-boot-starter\2.1.3\mybatis-spring-boot-starter-2.1.3.jar;D:\Maven\maven_jar\org\springframework\boot\spring-boot-starter\2.3.7.RELEASE\spring-boot-starter-2.3.7.RELEASE.jar;D:\Maven\maven_jar\org\springframework\boot\spring-boot-starter-logging\2.3.7.RELEASE\spring-boot-starter-logging-2.3.7.RELEASE.jar;D:\Maven\maven_jar\ch\qos\logback\logback-classic\1.2.3\logback-classic-1.2.3.jar;D:\Maven\maven_jar\ch\qos\logback\logback-core\1.2.3\logback-core-1.2.3.jar;D:\Maven\maven_jar\org\apache\logging\log4j\log4j-to-slf4j\2.13.3\log4j-to-slf4j-2.13.3.jar;D:\Maven\maven_jar\org\apache\logging\log4j\log4j-api\2.13.3\log4j-api-2.13.3.jar;D:\Maven\maven_jar\org\slf4j\jul-to-slf4j\1.7.30\jul-to-slf4j-1.7.30.jar;D:\Maven\maven_jar\jakarta\annotation\jakarta.annotation-api\1.3.5\jakarta.annotation-api-1.3.5.jar;D:\Maven\maven_jar\org\mybatis\mybatis\3.5.5\mybatis-3.5.5.jar;D:\Maven\maven_jar\org\mybatis\mybatis-spring\2.0.5\mybatis-spring-2.0.5.jar;D:\Maven\maven_jar\com\baomidou\mybatis-plus\3.3.2\mybatis-plus-3.3.2.jar;D:\Maven\maven_jar\com\baomidou\mybatis-plus-extension\3.3.2\mybatis-plus-extension-3.3.2.jar;D:\Maven\maven_jar\com\baomidou\mybatis-plus-core\3.3.2\mybatis-plus-core-3.3.2.jar;D:\Maven\maven_jar\com\baomidou\mybatis-plus-annotation\3.3.2\mybatis-plus-annotation-3.3.2.jar;D:\Maven\maven_jar\com\github\jsqlparser\jsqlparser\3.1\jsqlparser-3.1.jar;D:\Maven\maven_jar\org\mybatis\spring\boot\mybatis-spring-boot-autoconfigure\1.3.2\mybatis-spring-boot-autoconfigure-1.3.2.jar;D:\Maven\maven_jar\org\springframework\boot\spring-boot-starter-freemarker\2.3.7.RELEASE\spring-boot-starter-freemarker-2.3.7.RELEASE.jar;D:\Maven\maven_jar\org\freemarker\freemarker\2.3.30\freemarker-2.3.30.jar;D:\Maven\maven_jar\org\springframework\spring-context-support\5.2.12.RELEASE\spring-context-support-5.2.12.RELEASE.jar;D:\Maven\maven_jar\org\springframework\spring-context\5.2.12.RELEASE\spring-context-5.2.12.RELEASE.jar;D:\Maven\maven_jar\org\springframework\spring-expression\5.2.12.RELEASE\spring-expression-5.2.12.RELEASE.jar;D:\Maven\maven_jar\com\baomidou\mybatis-plus-generator\3.3.2\mybatis-plus-generator-3.3.2.jar;D:\Maven\maven_jar\p6spy\p6spy\3.9.1\p6spy-3.9.1.jar;M:\比赛项目\pro\leaseplatform\common\service-base\target\service-base-0.0.1-SNAPSHOT.jar;D:\Maven\maven_jar\org\springframework\boot\spring-boot-starter-web\2.3.7.RELEASE\spring-boot-starter-web-2.3.7.RELEASE.jar;D:\Maven\maven_jar\org\springframework\boot\spring-boot-starter-json\2.3.7.RELEASE\spring-boot-starter-json-2.3.7.RELEASE.jar;D:\Maven\maven_jar\com\fasterxml\jackson\datatype\jackson-datatype-jdk8\2.11.3\jackson-datatype-jdk8-2.11.3.jar;D:\Maven\maven_jar\com\fasterxml\jackson\datatype\jackson-datatype-jsr310\2.11.3\jackson-datatype-jsr310-2.11.3.jar;D:\Maven\maven_jar\com\fasterxml\jackson\module\jackson-module-parameter-names\2.11.3\jackson-module-parameter-names-2.11.3.jar;D:\Maven\maven_jar\org\springframework\boot\spring-boot-starter-tomcat\2.3.7.RELEASE\spring-boot-starter-tomcat-2.3.7.RELEASE.jar;D:\Maven\maven_jar\org\apache\tomcat\embed\tomcat-embed-core\9.0.41\tomcat-embed-core-9.0.41.jar;D:\Maven\maven_jar\org\glassfish\jakarta.el\3.0.3\jakarta.el-3.0.3.jar;D:\Maven\maven_jar\org\apache\tomcat\embed\tomcat-embed-websocket\9.0.41\tomcat-embed-websocket-9.0.41.jar;D:\Maven\maven_jar\org\springframework\spring-webmvc\5.2.12.RELEASE\spring-webmvc-5.2.12.RELEASE.jar;D:\Maven\maven_jar\io\springfox\springfox-swagger2\2.7.0\springfox-swagger2-2.7.0.jar;D:\Maven\maven_jar\io\swagger\swagger-annotations\1.5.13\swagger-annotations-1.5.13.jar;D:\Maven\maven_jar\io\swagger\swagger-models\1.5.13\swagger-models-1.5.13.jar;D:\Maven\maven_jar\io\springfox\springfox-spi\2.7.0\springfox-spi-2.7.0.jar;D:\Maven\maven_jar\io\springfox\springfox-core\2.7.0\springfox-core-2.7.0.jar;D:\Maven\maven_jar\io\springfox\springfox-schema\2.7.0\springfox-schema-2.7.0.jar;D:\Maven\maven_jar\io\springfox\springfox-swagger-common\2.7.0\springfox-swagger-common-2.7.0.jar;D:\Maven\maven_jar\io\springfox\springfox-spring-web\2.7.0\springfox-spring-web-2.7.0.jar;D:\Maven\maven_jar\org\reflections\reflections\0.9.11\reflections-0.9.11.jar;D:\Maven\maven_jar\org\javassist\javassist\3.21.0-GA\javassist-3.21.0-GA.jar;D:\Maven\maven_jar\com\fasterxml\classmate\1.5.1\classmate-1.5.1.jar;D:\Maven\maven_jar\org\springframework\plugin\spring-plugin-core\1.2.0.RELEASE\spring-plugin-core-1.2.0.RELEASE.jar;D:\Maven\maven_jar\org\springframework\plugin\spring-plugin-metadata\1.2.0.RELEASE\spring-plugin-metadata-1.2.0.RELEASE.jar;D:\Maven\maven_jar\org\mapstruct\mapstruct\1.1.0.Final\mapstruct-1.1.0.Final.jar;D:\Maven\maven_jar\io\springfox\springfox-swagger-ui\2.7.0\springfox-swagger-ui-2.7.0.jar;D:\Maven\maven_jar\com\github\xiaoymin\knife4j-spring-boot-starter\2.0.4\knife4j-spring-boot-starter-2.0.4.jar;D:\Maven\maven_jar\com\github\xiaoymin\knife4j-spring-boot-autoconfigure\2.0.4\knife4j-spring-boot-autoconfigure-2.0.4.jar;D:\Maven\maven_jar\com\github\xiaoymin\knife4j-spring\2.0.4\knife4j-spring-2.0.4.jar;D:\Maven\maven_jar\com\github\xiaoymin\knife4j-annotations\2.0.4\knife4j-annotations-2.0.4.jar;D:\Maven\maven_jar\com\github\xiaoymin\knife4j-core\2.0.4\knife4j-core-2.0.4.jar;D:\Maven\maven_jar\io\springfox\springfox-bean-validators\2.9.2\springfox-bean-validators-2.9.2.jar;D:\Maven\maven_jar\com\github\xiaoymin\knife4j-spring-ui\2.0.4\knife4j-spring-ui-2.0.4.jar;D:\Maven\maven_jar\org\springframework\boot\spring-boot-starter-data-redis\2.3.7.RELEASE\spring-boot-starter-data-redis-2.3.7.RELEASE.jar;D:\Maven\maven_jar\org\springframework\data\spring-data-redis\2.3.6.RELEASE\spring-data-redis-2.3.6.RELEASE.jar;D:\Maven\maven_jar\org\springframework\data\spring-data-keyvalue\2.3.6.RELEASE\spring-data-keyvalue-2.3.6.RELEASE.jar;D:\Maven\maven_jar\org\springframework\data\spring-data-commons\2.3.6.RELEASE\spring-data-commons-2.3.6.RELEASE.jar;D:\Maven\maven_jar\org\springframework\spring-oxm\5.2.12.RELEASE\spring-oxm-5.2.12.RELEASE.jar;D:\Maven\maven_jar\io\lettuce\lettuce-core\5.3.5.RELEASE\lettuce-core-5.3.5.RELEASE.jar;D:\Maven\maven_jar\io\projectreactor\reactor-core\3.3.12.RELEASE\reactor-core-3.3.12.RELEASE.jar;D:\Maven\maven_jar\org\reactivestreams\reactive-streams\1.0.3\reactive-streams-1.0.3.jar;M:\比赛项目\pro\leaseplatform\common\common-util\target\common-util-0.0.1-SNAPSHOT.jar;D:\Maven\maven_jar\io\jsonwebtoken\jjwt\0.9.1\jjwt-0.9.1.jar;D:\Maven\maven_jar\org\springframework\boot\spring-boot-starter-test\2.3.7.RELEASE\spring-boot-starter-test-2.3.7.RELEASE.jar;D:\Maven\maven_jar\org\springframework\boot\spring-boot-test\2.3.7.RELEASE\spring-boot-test-2.3.7.RELEASE.jar;D:\Maven\maven_jar\org\springframework\boot\spring-boot-test-autoconfigure\2.3.7.RELEASE\spring-boot-test-autoconfigure-2.3.7.RELEASE.jar;D:\Maven\maven_jar\com\jayway\jsonpath\json-path\2.4.0\json-path-2.4.0.jar;D:\Maven\maven_jar\net\minidev\json-smart\2.3\json-smart-2.3.jar;D:\Maven\maven_jar\net\minidev\accessors-smart\1.2\accessors-smart-1.2.jar;D:\Maven\maven_jar\org\ow2\asm\asm\5.0.4\asm-5.0.4.jar;D:\Maven\maven_jar\jakarta\xml\bind\jakarta.xml.bind-api\2.3.3\jakarta.xml.bind-api-2.3.3.jar;D:\Maven\maven_jar\jakarta\activation\jakarta.activation-api\1.2.2\jakarta.activation-api-1.2.2.jar;D:\Maven\maven_jar\org\assertj\assertj-core\3.16.1\assertj-core-3.16.1.jar;D:\Maven\maven_jar\org\hamcrest\hamcrest\2.2\hamcrest-2.2.jar;D:\Maven\maven_jar\org\junit\jupiter\junit-jupiter\5.6.3\junit-jupiter-5.6.3.jar;D:\Maven\maven_jar\org\junit\jupiter\junit-jupiter-api\5.6.3\junit-jupiter-api-5.6.3.jar;D:\Maven\maven_jar\org\opentest4j\opentest4j\1.2.0\opentest4j-1.2.0.jar;D:\Maven\maven_jar\org\junit\platform\junit-platform-commons\1.6.3\junit-platform-commons-1.6.3.jar;D:\Maven\maven_jar\org\junit\jupiter\junit-jupiter-params\5.6.3\junit-jupiter-params-5.6.3.jar;D:\Maven\maven_jar\org\junit\jupiter\junit-jupiter-engine\5.6.3\junit-jupiter-engine-5.6.3.jar;D:\Maven\maven_jar\org\junit\vintage\junit-vintage-engine\5.6.3\junit-vintage-engine-5.6.3.jar;D:\Maven\maven_jar\org\apiguardian\apiguardian-api\1.1.0\apiguardian-api-1.1.0.jar;D:\Maven\maven_jar\org\junit\platform\junit-platform-engine\1.6.3\junit-platform-engine-1.6.3.jar;D:\Maven\maven_jar\junit\junit\4.13.1\junit-4.13.1.jar;D:\Maven\maven_jar\org\mockito\mockito-core\3.3.3\mockito-core-3.3.3.jar;D:\Maven\maven_jar\net\bytebuddy\byte-buddy\1.10.18\byte-buddy-1.10.18.jar;D:\Maven\maven_jar\net\bytebuddy\byte-buddy-agent\1.10.18\byte-buddy-agent-1.10.18.jar;D:\Maven\maven_jar\org\objenesis\objenesis\2.6\objenesis-2.6.jar;D:\Maven\maven_jar\org\mockito\mockito-junit-jupiter\3.3.3\mockito-junit-jupiter-3.3.3.jar;D:\Maven\maven_jar\org\skyscreamer\jsonassert\1.5.0\jsonassert-1.5.0.jar;D:\Maven\maven_jar\com\vaadin\external\google\android-json\0.0.20131108.vaadin1\android-json-0.0.20131108.vaadin1.jar;D:\Maven\maven_jar\org\springframework\spring-core\5.2.12.RELEASE\spring-core-5.2.12.RELEASE.jar;D:\Maven\maven_jar\org\springframework\spring-jcl\5.2.12.RELEASE\spring-jcl-5.2.12.RELEASE.jar;D:\Maven\maven_jar\org\springframework\spring-test\5.2.12.RELEASE\spring-test-5.2.12.RELEASE.jar;D:\Maven\maven_jar\org\xmlunit\xmlunit-core\2.7.0\xmlunit-core-2.7.0.jar;"/>
    <property name="java.vm.vendor" value="Oracle Corporation"/>
    <property name="sun.arch.data.model" value="64"/>
    <property name="user.variant" value=""/>
    <property name="java.vendor.url" value="http://java.oracle.com/"/>
    <property name="user.timezone" value="Asia/Shanghai"/>
    <property name="java.vm.specification.version" value="1.8"/>
    <property name="os.name" value="Windows 10"/>
    <property name="user.country" value="CN"/>
    <property name="sun.java.launcher" value="SUN_STANDARD"/>
    <property name="sun.boot.library.path" value="D:\Java\JDK\jre\bin"/>
    <property name="sun.java.command" value="C:\Users\123\AppData\Local\Temp\surefire5512398554725604892\surefirebooter683896631334063641.jar C:\Users\123\AppData\Local\Temp\surefire5512398554725604892 2021-03-30T14-34-42_031-jvmRun1 surefire4010985419494136420tmp surefire_11639161139904791331tmp"/>
    <property name="surefire.test.class.path" value="M:\比赛项目\pro\leaseplatform\service\service-oss\target\test-classes;M:\比赛项目\pro\leaseplatform\service\service-oss\target\classes;D:\Maven\maven_jar\com\aliyun\oss\aliyun-sdk-oss\3.10.2\aliyun-sdk-oss-3.10.2.jar;D:\Maven\maven_jar\org\apache\httpcomponents\httpclient\4.5.13\httpclient-4.5.13.jar;D:\Maven\maven_jar\org\apache\httpcomponents\httpcore\4.4.14\httpcore-4.4.14.jar;D:\Maven\maven_jar\commons-codec\commons-codec\1.14\commons-codec-1.14.jar;D:\Maven\maven_jar\org\jdom\jdom2\2.0.6\jdom2-2.0.6.jar;D:\Maven\maven_jar\org\codehaus\jettison\jettison\1.1\jettison-1.1.jar;D:\Maven\maven_jar\stax\stax-api\1.0.1\stax-api-1.0.1.jar;D:\Maven\maven_jar\com\aliyun\aliyun-java-sdk-core\3.4.0\aliyun-java-sdk-core-3.4.0.jar;D:\Maven\maven_jar\com\aliyun\aliyun-java-sdk-ram\3.0.0\aliyun-java-sdk-ram-3.0.0.jar;D:\Maven\maven_jar\com\aliyun\aliyun-java-sdk-sts\3.0.0\aliyun-java-sdk-sts-3.0.0.jar;D:\Maven\maven_jar\com\aliyun\aliyun-java-sdk-ecs\4.2.0\aliyun-java-sdk-ecs-4.2.0.jar;D:\Maven\maven_jar\com\aliyun\aliyun-java-sdk-kms\2.7.0\aliyun-java-sdk-kms-2.7.0.jar;D:\Maven\maven_jar\com\google\code\gson\gson\2.8.6\gson-2.8.6.jar;D:\Maven\maven_jar\joda-time\joda-time\2.10.10\joda-time-2.10.10.jar;D:\Maven\maven_jar\org\springframework\boot\spring-boot-configuration-processor\2.3.7.RELEASE\spring-boot-configuration-processor-2.3.7.RELEASE.jar;D:\Maven\maven_jar\com\alibaba\cloud\spring-cloud-starter-alibaba-nacos-discovery\2.2.5.RELEASE\spring-cloud-starter-alibaba-nacos-discovery-2.2.5.RELEASE.jar;D:\Maven\maven_jar\com\alibaba\cloud\spring-cloud-alibaba-commons\2.2.5.RELEASE\spring-cloud-alibaba-commons-2.2.5.RELEASE.jar;D:\Maven\maven_jar\com\alibaba\nacos\nacos-client\1.4.1\nacos-client-1.4.1.jar;D:\Maven\maven_jar\com\alibaba\nacos\nacos-common\1.4.1\nacos-common-1.4.1.jar;D:\Maven\maven_jar\commons-io\commons-io\2.2\commons-io-2.2.jar;D:\Maven\maven_jar\org\apache\httpcomponents\httpasyncclient\4.1.4\httpasyncclient-4.1.4.jar;D:\Maven\maven_jar\org\apache\httpcomponents\httpcore-nio\4.4.14\httpcore-nio-4.4.14.jar;D:\Maven\maven_jar\com\alibaba\nacos\nacos-api\1.4.1\nacos-api-1.4.1.jar;D:\Maven\maven_jar\com\google\guava\guava\24.1.1-jre\guava-24.1.1-jre.jar;D:\Maven\maven_jar\com\google\code\findbugs\jsr305\1.3.9\jsr305-1.3.9.jar;D:\Maven\maven_jar\org\checkerframework\checker-compat-qual\2.0.0\checker-compat-qual-2.0.0.jar;D:\Maven\maven_jar\com\google\errorprone\error_prone_annotations\2.1.3\error_prone_annotations-2.1.3.jar;D:\Maven\maven_jar\com\google\j2objc\j2objc-annotations\1.1\j2objc-annotations-1.1.jar;D:\Maven\maven_jar\org\codehaus\mojo\animal-sniffer-annotations\1.14\animal-sniffer-annotations-1.14.jar;D:\Maven\maven_jar\com\fasterxml\jackson\core\jackson-core\2.11.3\jackson-core-2.11.3.jar;D:\Maven\maven_jar\com\fasterxml\jackson\core\jackson-databind\2.11.3\jackson-databind-2.11.3.jar;D:\Maven\maven_jar\com\fasterxml\jackson\core\jackson-annotations\2.11.3\jackson-annotations-2.11.3.jar;D:\Maven\maven_jar\io\prometheus\simpleclient\0.5.0\simpleclient-0.5.0.jar;D:\Maven\maven_jar\org\yaml\snakeyaml\1.26\snakeyaml-1.26.jar;D:\Maven\maven_jar\com\alibaba\spring\spring-context-support\1.0.10\spring-context-support-1.0.10.jar;D:\Maven\maven_jar\org\springframework\cloud\spring-cloud-commons\2.2.5.RELEASE\spring-cloud-commons-2.2.5.RELEASE.jar;D:\Maven\maven_jar\org\springframework\security\spring-security-crypto\5.3.6.RELEASE\spring-security-crypto-5.3.6.RELEASE.jar;D:\Maven\maven_jar\org\springframework\cloud\spring-cloud-context\2.2.5.RELEASE\spring-cloud-context-2.2.5.RELEASE.jar;D:\Maven\maven_jar\org\springframework\cloud\spring-cloud-starter-netflix-ribbon\2.2.5.RELEASE\spring-cloud-starter-netflix-ribbon-2.2.5.RELEASE.jar;D:\Maven\maven_jar\org\springframework\cloud\spring-cloud-netflix-ribbon\2.2.5.RELEASE\spring-cloud-netflix-ribbon-2.2.5.RELEASE.jar;D:\Maven\maven_jar\org\springframework\cloud\spring-cloud-netflix-archaius\2.2.5.RELEASE\spring-cloud-netflix-archaius-2.2.5.RELEASE.jar;D:\Maven\maven_jar\org\springframework\cloud\spring-cloud-starter-netflix-archaius\2.2.5.RELEASE\spring-cloud-starter-netflix-archaius-2.2.5.RELEASE.jar;D:\Maven\maven_jar\commons-configuration\commons-configuration\1.8\commons-configuration-1.8.jar;D:\Maven\maven_jar\com\netflix\ribbon\ribbon\2.3.0\ribbon-2.3.0.jar;D:\Maven\maven_jar\com\netflix\ribbon\ribbon-transport\2.3.0\ribbon-transport-2.3.0.jar;D:\Maven\maven_jar\io\reactivex\rxnetty-contexts\0.4.9\rxnetty-contexts-0.4.9.jar;D:\Maven\maven_jar\io\reactivex\rxnetty-servo\0.4.9\rxnetty-servo-0.4.9.jar;D:\Maven\maven_jar\javax\inject\javax.inject\1\javax.inject-1.jar;D:\Maven\maven_jar\io\reactivex\rxnetty\0.4.9\rxnetty-0.4.9.jar;D:\Maven\maven_jar\com\netflix\ribbon\ribbon-core\2.3.0\ribbon-core-2.3.0.jar;D:\Maven\maven_jar\commons-lang\commons-lang\2.6\commons-lang-2.6.jar;D:\Maven\maven_jar\com\netflix\ribbon\ribbon-httpclient\2.3.0\ribbon-httpclient-2.3.0.jar;D:\Maven\maven_jar\commons-collections\commons-collections\3.2.2\commons-collections-3.2.2.jar;D:\Maven\maven_jar\com\sun\jersey\jersey-client\1.19.1\jersey-client-1.19.1.jar;D:\Maven\maven_jar\com\sun\jersey\jersey-core\1.19.1\jersey-core-1.19.1.jar;D:\Maven\maven_jar\javax\ws\rs\jsr311-api\1.1.1\jsr311-api-1.1.1.jar;D:\Maven\maven_jar\com\sun\jersey\contribs\jersey-apache-client4\1.19.1\jersey-apache-client4-1.19.1.jar;D:\Maven\maven_jar\com\netflix\servo\servo-core\0.10.1\servo-core-0.10.1.jar;D:\Maven\maven_jar\com\netflix\servo\servo-internal\0.10.1\servo-internal-0.10.1.jar;D:\Maven\maven_jar\com\netflix\netflix-commons\netflix-commons-util\0.1.1\netflix-commons-util-0.1.1.jar;D:\Maven\maven_jar\com\netflix\ribbon\ribbon-loadbalancer\2.3.0\ribbon-loadbalancer-2.3.0.jar;D:\Maven\maven_jar\com\netflix\netflix-commons\netflix-statistics\0.1.1\netflix-statistics-0.1.1.jar;D:\Maven\maven_jar\io\reactivex\rxjava\1.3.8\rxjava-1.3.8.jar;D:\Maven\maven_jar\org\springframework\cloud\spring-cloud-starter-openfeign\2.2.5.RELEASE\spring-cloud-starter-openfeign-2.2.5.RELEASE.jar;D:\Maven\maven_jar\org\springframework\cloud\spring-cloud-starter\2.2.5.RELEASE\spring-cloud-starter-2.2.5.RELEASE.jar;D:\Maven\maven_jar\org\springframework\security\spring-security-rsa\1.0.9.RELEASE\spring-security-rsa-1.0.9.RELEASE.jar;D:\Maven\maven_jar\org\bouncycastle\bcpkix-jdk15on\1.64\bcpkix-jdk15on-1.64.jar;D:\Maven\maven_jar\org\bouncycastle\bcprov-jdk15on\1.64\bcprov-jdk15on-1.64.jar;D:\Maven\maven_jar\org\springframework\cloud\spring-cloud-openfeign-core\2.2.5.RELEASE\spring-cloud-openfeign-core-2.2.5.RELEASE.jar;D:\Maven\maven_jar\org\springframework\boot\spring-boot-starter-aop\2.3.7.RELEASE\spring-boot-starter-aop-2.3.7.RELEASE.jar;D:\Maven\maven_jar\org\springframework\spring-aop\5.2.12.RELEASE\spring-aop-5.2.12.RELEASE.jar;D:\Maven\maven_jar\io\github\openfeign\form\feign-form-spring\3.8.0\feign-form-spring-3.8.0.jar;D:\Maven\maven_jar\io\github\openfeign\form\feign-form\3.8.0\feign-form-3.8.0.jar;D:\Maven\maven_jar\commons-fileupload\commons-fileupload\1.4\commons-fileupload-1.4.jar;D:\Maven\maven_jar\org\springframework\spring-web\5.2.12.RELEASE\spring-web-5.2.12.RELEASE.jar;D:\Maven\maven_jar\org\springframework\spring-beans\5.2.12.RELEASE\spring-beans-5.2.12.RELEASE.jar;D:\Maven\maven_jar\io\github\openfeign\feign-core\10.10.1\feign-core-10.10.1.jar;D:\Maven\maven_jar\io\github\openfeign\feign-slf4j\10.10.1\feign-slf4j-10.10.1.jar;D:\Maven\maven_jar\org\slf4j\slf4j-api\1.7.30\slf4j-api-1.7.30.jar;D:\Maven\maven_jar\io\github\openfeign\feign-hystrix\10.10.1\feign-hystrix-10.10.1.jar;D:\Maven\maven_jar\com\netflix\archaius\archaius-core\0.7.6\archaius-core-0.7.6.jar;D:\Maven\maven_jar\com\netflix\hystrix\hystrix-core\1.5.18\hystrix-core-1.5.18.jar;D:\Maven\maven_jar\org\hdrhistogram\HdrHistogram\2.1.9\HdrHistogram-2.1.9.jar;D:\Maven\maven_jar\com\alibaba\cloud\spring-cloud-starter-alibaba-sentinel\2.2.5.RELEASE\spring-cloud-starter-alibaba-sentinel-2.2.5.RELEASE.jar;D:\Maven\maven_jar\com\alibaba\csp\sentinel-transport-simple-http\1.8.0\sentinel-transport-simple-http-1.8.0.jar;D:\Maven\maven_jar\com\alibaba\csp\sentinel-transport-common\1.8.0\sentinel-transport-common-1.8.0.jar;D:\Maven\maven_jar\com\alibaba\csp\sentinel-datasource-extension\1.8.0\sentinel-datasource-extension-1.8.0.jar;D:\Maven\maven_jar\com\alibaba\fastjson\1.2.71\fastjson-1.2.71.jar;D:\Maven\maven_jar\com\alibaba\csp\sentinel-annotation-aspectj\1.8.0\sentinel-annotation-aspectj-1.8.0.jar;D:\Maven\maven_jar\com\alibaba\csp\sentinel-core\1.8.0\sentinel-core-1.8.0.jar;D:\Maven\maven_jar\org\aspectj\aspectjrt\1.9.6\aspectjrt-1.9.6.jar;D:\Maven\maven_jar\org\aspectj\aspectjweaver\1.9.6\aspectjweaver-1.9.6.jar;D:\Maven\maven_jar\com\alibaba\cloud\spring-cloud-circuitbreaker-sentinel\2.2.5.RELEASE\spring-cloud-circuitbreaker-sentinel-2.2.5.RELEASE.jar;D:\Maven\maven_jar\com\alibaba\csp\sentinel-reactor-adapter\1.8.0\sentinel-reactor-adapter-1.8.0.jar;D:\Maven\maven_jar\com\alibaba\csp\sentinel-spring-webflux-adapter\1.8.0\sentinel-spring-webflux-adapter-1.8.0.jar;D:\Maven\maven_jar\com\alibaba\csp\sentinel-spring-webmvc-adapter\1.8.0\sentinel-spring-webmvc-adapter-1.8.0.jar;D:\Maven\maven_jar\com\alibaba\csp\sentinel-parameter-flow-control\1.8.0\sentinel-parameter-flow-control-1.8.0.jar;D:\Maven\maven_jar\com\googlecode\concurrentlinkedhashmap\concurrentlinkedhashmap-lru\1.4.2\concurrentlinkedhashmap-lru-1.4.2.jar;D:\Maven\maven_jar\com\alibaba\csp\sentinel-cluster-server-default\1.8.0\sentinel-cluster-server-default-1.8.0.jar;D:\Maven\maven_jar\com\alibaba\csp\sentinel-cluster-common-default\1.8.0\sentinel-cluster-common-default-1.8.0.jar;D:\Maven\maven_jar\io\netty\netty-handler\4.1.55.Final\netty-handler-4.1.55.Final.jar;D:\Maven\maven_jar\io\netty\netty-common\4.1.55.Final\netty-common-4.1.55.Final.jar;D:\Maven\maven_jar\io\netty\netty-resolver\4.1.55.Final\netty-resolver-4.1.55.Final.jar;D:\Maven\maven_jar\io\netty\netty-buffer\4.1.55.Final\netty-buffer-4.1.55.Final.jar;D:\Maven\maven_jar\io\netty\netty-transport\4.1.55.Final\netty-transport-4.1.55.Final.jar;D:\Maven\maven_jar\io\netty\netty-codec\4.1.55.Final\netty-codec-4.1.55.Final.jar;D:\Maven\maven_jar\com\alibaba\csp\sentinel-cluster-client-default\1.8.0\sentinel-cluster-client-default-1.8.0.jar;D:\Maven\maven_jar\com\alibaba\cloud\spring-cloud-alibaba-sentinel-datasource\2.2.5.RELEASE\spring-cloud-alibaba-sentinel-datasource-2.2.5.RELEASE.jar;D:\Maven\maven_jar\org\projectlombok\lombok\1.18.16\lombok-1.18.16.jar;D:\Maven\maven_jar\cn\hutool\hutool-all\5.3.3\hutool-all-5.3.3.jar;D:\Maven\maven_jar\mysql\mysql-connector-java\8.0.20\mysql-connector-java-8.0.20.jar;D:\Maven\maven_jar\com\baomidou\mybatis-plus-boot-starter\3.3.2\mybatis-plus-boot-starter-3.3.2.jar;D:\Maven\maven_jar\org\springframework\boot\spring-boot-autoconfigure\2.3.7.RELEASE\spring-boot-autoconfigure-2.3.7.RELEASE.jar;D:\Maven\maven_jar\org\springframework\boot\spring-boot\2.3.7.RELEASE\spring-boot-2.3.7.RELEASE.jar;D:\Maven\maven_jar\org\springframework\boot\spring-boot-starter-jdbc\2.3.7.RELEASE\spring-boot-starter-jdbc-2.3.7.RELEASE.jar;D:\Maven\maven_jar\com\zaxxer\HikariCP\3.4.5\HikariCP-3.4.5.jar;D:\Maven\maven_jar\org\springframework\spring-jdbc\5.2.12.RELEASE\spring-jdbc-5.2.12.RELEASE.jar;D:\Maven\maven_jar\org\springframework\spring-tx\5.2.12.RELEASE\spring-tx-5.2.12.RELEASE.jar;D:\Maven\maven_jar\org\mybatis\spring\boot\mybatis-spring-boot-starter\2.1.3\mybatis-spring-boot-starter-2.1.3.jar;D:\Maven\maven_jar\org\springframework\boot\spring-boot-starter\2.3.7.RELEASE\spring-boot-starter-2.3.7.RELEASE.jar;D:\Maven\maven_jar\org\springframework\boot\spring-boot-starter-logging\2.3.7.RELEASE\spring-boot-starter-logging-2.3.7.RELEASE.jar;D:\Maven\maven_jar\ch\qos\logback\logback-classic\1.2.3\logback-classic-1.2.3.jar;D:\Maven\maven_jar\ch\qos\logback\logback-core\1.2.3\logback-core-1.2.3.jar;D:\Maven\maven_jar\org\apache\logging\log4j\log4j-to-slf4j\2.13.3\log4j-to-slf4j-2.13.3.jar;D:\Maven\maven_jar\org\apache\logging\log4j\log4j-api\2.13.3\log4j-api-2.13.3.jar;D:\Maven\maven_jar\org\slf4j\jul-to-slf4j\1.7.30\jul-to-slf4j-1.7.30.jar;D:\Maven\maven_jar\jakarta\annotation\jakarta.annotation-api\1.3.5\jakarta.annotation-api-1.3.5.jar;D:\Maven\maven_jar\org\mybatis\mybatis\3.5.5\mybatis-3.5.5.jar;D:\Maven\maven_jar\org\mybatis\mybatis-spring\2.0.5\mybatis-spring-2.0.5.jar;D:\Maven\maven_jar\com\baomidou\mybatis-plus\3.3.2\mybatis-plus-3.3.2.jar;D:\Maven\maven_jar\com\baomidou\mybatis-plus-extension\3.3.2\mybatis-plus-extension-3.3.2.jar;D:\Maven\maven_jar\com\baomidou\mybatis-plus-core\3.3.2\mybatis-plus-core-3.3.2.jar;D:\Maven\maven_jar\com\baomidou\mybatis-plus-annotation\3.3.2\mybatis-plus-annotation-3.3.2.jar;D:\Maven\maven_jar\com\github\jsqlparser\jsqlparser\3.1\jsqlparser-3.1.jar;D:\Maven\maven_jar\org\mybatis\spring\boot\mybatis-spring-boot-autoconfigure\1.3.2\mybatis-spring-boot-autoconfigure-1.3.2.jar;D:\Maven\maven_jar\org\springframework\boot\spring-boot-starter-freemarker\2.3.7.RELEASE\spring-boot-starter-freemarker-2.3.7.RELEASE.jar;D:\Maven\maven_jar\org\freemarker\freemarker\2.3.30\freemarker-2.3.30.jar;D:\Maven\maven_jar\org\springframework\spring-context-support\5.2.12.RELEASE\spring-context-support-5.2.12.RELEASE.jar;D:\Maven\maven_jar\org\springframework\spring-context\5.2.12.RELEASE\spring-context-5.2.12.RELEASE.jar;D:\Maven\maven_jar\org\springframework\spring-expression\5.2.12.RELEASE\spring-expression-5.2.12.RELEASE.jar;D:\Maven\maven_jar\com\baomidou\mybatis-plus-generator\3.3.2\mybatis-plus-generator-3.3.2.jar;D:\Maven\maven_jar\p6spy\p6spy\3.9.1\p6spy-3.9.1.jar;M:\比赛项目\pro\leaseplatform\common\service-base\target\service-base-0.0.1-SNAPSHOT.jar;D:\Maven\maven_jar\org\springframework\boot\spring-boot-starter-web\2.3.7.RELEASE\spring-boot-starter-web-2.3.7.RELEASE.jar;D:\Maven\maven_jar\org\springframework\boot\spring-boot-starter-json\2.3.7.RELEASE\spring-boot-starter-json-2.3.7.RELEASE.jar;D:\Maven\maven_jar\com\fasterxml\jackson\datatype\jackson-datatype-jdk8\2.11.3\jackson-datatype-jdk8-2.11.3.jar;D:\Maven\maven_jar\com\fasterxml\jackson\datatype\jackson-datatype-jsr310\2.11.3\jackson-datatype-jsr310-2.11.3.jar;D:\Maven\maven_jar\com\fasterxml\jackson\module\jackson-module-parameter-names\2.11.3\jackson-module-parameter-names-2.11.3.jar;D:\Maven\maven_jar\org\springframework\boot\spring-boot-starter-tomcat\2.3.7.RELEASE\spring-boot-starter-tomcat-2.3.7.RELEASE.jar;D:\Maven\maven_jar\org\apache\tomcat\embed\tomcat-embed-core\9.0.41\tomcat-embed-core-9.0.41.jar;D:\Maven\maven_jar\org\glassfish\jakarta.el\3.0.3\jakarta.el-3.0.3.jar;D:\Maven\maven_jar\org\apache\tomcat\embed\tomcat-embed-websocket\9.0.41\tomcat-embed-websocket-9.0.41.jar;D:\Maven\maven_jar\org\springframework\spring-webmvc\5.2.12.RELEASE\spring-webmvc-5.2.12.RELEASE.jar;D:\Maven\maven_jar\io\springfox\springfox-swagger2\2.7.0\springfox-swagger2-2.7.0.jar;D:\Maven\maven_jar\io\swagger\swagger-annotations\1.5.13\swagger-annotations-1.5.13.jar;D:\Maven\maven_jar\io\swagger\swagger-models\1.5.13\swagger-models-1.5.13.jar;D:\Maven\maven_jar\io\springfox\springfox-spi\2.7.0\springfox-spi-2.7.0.jar;D:\Maven\maven_jar\io\springfox\springfox-core\2.7.0\springfox-core-2.7.0.jar;D:\Maven\maven_jar\io\springfox\springfox-schema\2.7.0\springfox-schema-2.7.0.jar;D:\Maven\maven_jar\io\springfox\springfox-swagger-common\2.7.0\springfox-swagger-common-2.7.0.jar;D:\Maven\maven_jar\io\springfox\springfox-spring-web\2.7.0\springfox-spring-web-2.7.0.jar;D:\Maven\maven_jar\org\reflections\reflections\0.9.11\reflections-0.9.11.jar;D:\Maven\maven_jar\org\javassist\javassist\3.21.0-GA\javassist-3.21.0-GA.jar;D:\Maven\maven_jar\com\fasterxml\classmate\1.5.1\classmate-1.5.1.jar;D:\Maven\maven_jar\org\springframework\plugin\spring-plugin-core\1.2.0.RELEASE\spring-plugin-core-1.2.0.RELEASE.jar;D:\Maven\maven_jar\org\springframework\plugin\spring-plugin-metadata\1.2.0.RELEASE\spring-plugin-metadata-1.2.0.RELEASE.jar;D:\Maven\maven_jar\org\mapstruct\mapstruct\1.1.0.Final\mapstruct-1.1.0.Final.jar;D:\Maven\maven_jar\io\springfox\springfox-swagger-ui\2.7.0\springfox-swagger-ui-2.7.0.jar;D:\Maven\maven_jar\com\github\xiaoymin\knife4j-spring-boot-starter\2.0.4\knife4j-spring-boot-starter-2.0.4.jar;D:\Maven\maven_jar\com\github\xiaoymin\knife4j-spring-boot-autoconfigure\2.0.4\knife4j-spring-boot-autoconfigure-2.0.4.jar;D:\Maven\maven_jar\com\github\xiaoymin\knife4j-spring\2.0.4\knife4j-spring-2.0.4.jar;D:\Maven\maven_jar\com\github\xiaoymin\knife4j-annotations\2.0.4\knife4j-annotations-2.0.4.jar;D:\Maven\maven_jar\com\github\xiaoymin\knife4j-core\2.0.4\knife4j-core-2.0.4.jar;D:\Maven\maven_jar\io\springfox\springfox-bean-validators\2.9.2\springfox-bean-validators-2.9.2.jar;D:\Maven\maven_jar\com\github\xiaoymin\knife4j-spring-ui\2.0.4\knife4j-spring-ui-2.0.4.jar;D:\Maven\maven_jar\org\springframework\boot\spring-boot-starter-data-redis\2.3.7.RELEASE\spring-boot-starter-data-redis-2.3.7.RELEASE.jar;D:\Maven\maven_jar\org\springframework\data\spring-data-redis\2.3.6.RELEASE\spring-data-redis-2.3.6.RELEASE.jar;D:\Maven\maven_jar\org\springframework\data\spring-data-keyvalue\2.3.6.RELEASE\spring-data-keyvalue-2.3.6.RELEASE.jar;D:\Maven\maven_jar\org\springframework\data\spring-data-commons\2.3.6.RELEASE\spring-data-commons-2.3.6.RELEASE.jar;D:\Maven\maven_jar\org\springframework\spring-oxm\5.2.12.RELEASE\spring-oxm-5.2.12.RELEASE.jar;D:\Maven\maven_jar\io\lettuce\lettuce-core\5.3.5.RELEASE\lettuce-core-5.3.5.RELEASE.jar;D:\Maven\maven_jar\io\projectreactor\reactor-core\3.3.12.RELEASE\reactor-core-3.3.12.RELEASE.jar;D:\Maven\maven_jar\org\reactivestreams\reactive-streams\1.0.3\reactive-streams-1.0.3.jar;M:\比赛项目\pro\leaseplatform\common\common-util\target\common-util-0.0.1-SNAPSHOT.jar;D:\Maven\maven_jar\io\jsonwebtoken\jjwt\0.9.1\jjwt-0.9.1.jar;D:\Maven\maven_jar\org\springframework\boot\spring-boot-starter-test\2.3.7.RELEASE\spring-boot-starter-test-2.3.7.RELEASE.jar;D:\Maven\maven_jar\org\springframework\boot\spring-boot-test\2.3.7.RELEASE\spring-boot-test-2.3.7.RELEASE.jar;D:\Maven\maven_jar\org\springframework\boot\spring-boot-test-autoconfigure\2.3.7.RELEASE\spring-boot-test-autoconfigure-2.3.7.RELEASE.jar;D:\Maven\maven_jar\com\jayway\jsonpath\json-path\2.4.0\json-path-2.4.0.jar;D:\Maven\maven_jar\net\minidev\json-smart\2.3\json-smart-2.3.jar;D:\Maven\maven_jar\net\minidev\accessors-smart\1.2\accessors-smart-1.2.jar;D:\Maven\maven_jar\org\ow2\asm\asm\5.0.4\asm-5.0.4.jar;D:\Maven\maven_jar\jakarta\xml\bind\jakarta.xml.bind-api\2.3.3\jakarta.xml.bind-api-2.3.3.jar;D:\Maven\maven_jar\jakarta\activation\jakarta.activation-api\1.2.2\jakarta.activation-api-1.2.2.jar;D:\Maven\maven_jar\org\assertj\assertj-core\3.16.1\assertj-core-3.16.1.jar;D:\Maven\maven_jar\org\hamcrest\hamcrest\2.2\hamcrest-2.2.jar;D:\Maven\maven_jar\org\junit\jupiter\junit-jupiter\5.6.3\junit-jupiter-5.6.3.jar;D:\Maven\maven_jar\org\junit\jupiter\junit-jupiter-api\5.6.3\junit-jupiter-api-5.6.3.jar;D:\Maven\maven_jar\org\opentest4j\opentest4j\1.2.0\opentest4j-1.2.0.jar;D:\Maven\maven_jar\org\junit\platform\junit-platform-commons\1.6.3\junit-platform-commons-1.6.3.jar;D:\Maven\maven_jar\org\junit\jupiter\junit-jupiter-params\5.6.3\junit-jupiter-params-5.6.3.jar;D:\Maven\maven_jar\org\junit\jupiter\junit-jupiter-engine\5.6.3\junit-jupiter-engine-5.6.3.jar;D:\Maven\maven_jar\org\junit\vintage\junit-vintage-engine\5.6.3\junit-vintage-engine-5.6.3.jar;D:\Maven\maven_jar\org\apiguardian\apiguardian-api\1.1.0\apiguardian-api-1.1.0.jar;D:\Maven\maven_jar\org\junit\platform\junit-platform-engine\1.6.3\junit-platform-engine-1.6.3.jar;D:\Maven\maven_jar\junit\junit\4.13.1\junit-4.13.1.jar;D:\Maven\maven_jar\org\mockito\mockito-core\3.3.3\mockito-core-3.3.3.jar;D:\Maven\maven_jar\net\bytebuddy\byte-buddy\1.10.18\byte-buddy-1.10.18.jar;D:\Maven\maven_jar\net\bytebuddy\byte-buddy-agent\1.10.18\byte-buddy-agent-1.10.18.jar;D:\Maven\maven_jar\org\objenesis\objenesis\2.6\objenesis-2.6.jar;D:\Maven\maven_jar\org\mockito\mockito-junit-jupiter\3.3.3\mockito-junit-jupiter-3.3.3.jar;D:\Maven\maven_jar\org\skyscreamer\jsonassert\1.5.0\jsonassert-1.5.0.jar;D:\Maven\maven_jar\com\vaadin\external\google\android-json\0.0.20131108.vaadin1\android-json-0.0.20131108.vaadin1.jar;D:\Maven\maven_jar\org\springframework\spring-core\5.2.12.RELEASE\spring-core-5.2.12.RELEASE.jar;D:\Maven\maven_jar\org\springframework\spring-jcl\5.2.12.RELEASE\spring-jcl-5.2.12.RELEASE.jar;D:\Maven\maven_jar\org\springframework\spring-test\5.2.12.RELEASE\spring-test-5.2.12.RELEASE.jar;D:\Maven\maven_jar\org\xmlunit\xmlunit-core\2.7.0\xmlunit-core-2.7.0.jar;"/>
    <property name="sun.cpu.endian" value="little"/>
    <property name="user.home" value="C:\Users\123"/>
    <property name="user.language" value="zh"/>
    <property name="java.specification.vendor" value="Oracle Corporation"/>
    <property name="java.home" value="D:\Java\JDK\jre"/>
    <property name="basedir" value="M:\比赛项目\pro\leaseplatform\service\service-oss"/>
    <property name="file.separator" value="\"/>
    <property name="line.separator" value="&#10;"/>
    <property name="java.vm.specification.vendor" value="Oracle Corporation"/>
    <property name="java.specification.name" value="Java Platform API Specification"/>
    <property name="java.awt.graphicsenv" value="sun.awt.Win32GraphicsEnvironment"/>
    <property name="surefire.real.class.path" value="C:\Users\123\AppData\Local\Temp\surefire5512398554725604892\surefirebooter683896631334063641.jar"/>
    <property name="sun.boot.class.path" value="D:\Java\JDK\jre\lib\resources.jar;D:\Java\JDK\jre\lib\rt.jar;D:\Java\JDK\jre\lib\sunrsasign.jar;D:\Java\JDK\jre\lib\jsse.jar;D:\Java\JDK\jre\lib\jce.jar;D:\Java\JDK\jre\lib\charsets.jar;D:\Java\JDK\jre\lib\jfr.jar;D:\Java\JDK\jre\classes"/>
    <property name="user.script" value=""/>
    <property name="sun.management.compiler" value="HotSpot 64-Bit Tiered Compilers"/>
    <property name="java.runtime.version" value="1.8.0_131-b11"/>
    <property name="user.name" value="123"/>
    <property name="path.separator" value=";"/>
    <property name="os.version" value="10.0"/>
    <property name="java.endorsed.dirs" value="D:\Java\JDK\jre\lib\endorsed"/>
    <property name="java.runtime.name" value="Java(TM) SE Runtime Environment"/>
    <property name="file.encoding" value="GBK"/>
    <property name="java.vm.name" value="Java HotSpot(TM) 64-Bit Server VM"/>
    <property name="localRepository" value="D:\Maven\maven_jar"/>
    <property name="java.vendor.url.bug" value="http://bugreport.sun.com/bugreport/"/>
    <property name="java.io.tmpdir" value="C:\Users\123\AppData\Local\Temp\"/>
    <property name="idea.version" value="2020.2.2"/>
    <property name="java.version" value="1.8.0_131"/>
    <property name="user.dir" value="M:\比赛项目\pro\leaseplatform\service\service-oss"/>
    <property name="os.arch" value="amd64"/>
    <property name="java.vm.specification.name" value="Java Virtual Machine Specification"/>
    <property name="java.awt.printerjob" value="sun.awt.windows.WPrinterJob"/>
    <property name="sun.os.patch.level" value=""/>
    <property name="java.library.path" value="D:\Java\JDK\jre\bin;C:\Windows\Sun\Java\bin;C:\Windows\system32;C:\Windows;M:\yuan\分布式\Xftp\;M:\yuan\分布式\Xshell\;C:\ProgramData\Oracle\Java\javapath;C:\Windows\system32;C:\Windows;C:\Windows\System32\Wbem;C:\Windows\System32\WindowsPowerShell\v1.0\;C:\Windows\System32\OpenSSH\;C:\ProgramData\ComposerSetup\bin;M:\phpEnv\php\php-7.3;D:\cmder;M:\phpEnv\server\mysql\mysql-5.7;D:\java\JDK\bin;D:\java\JDK\jre\bin;C:\Program Files\Git\cmd;C:\redis;D:\Maven\apache-maven-3.6.3\bin;M:\nodejs\;C:\Users\123\node_modules\hexo\node_modules;M:\Python;D:\consul\consul_1.9.0_windows_amd64;M:\Python\Scripts;D:\nodereps\npm_global;D:\java\JDK\bin;C:\Go\bin;M:\Gradle\gradle-6.5-bin\gradle-6.5\bin;C:\Users\123\AppData\Local\Microsoft\WindowsApps;C:\Users\123\AppData\Roaming\Composer\vendor\bin;M:\VScode\Microsoft VS Code\bin;C:\Users\123\AppData\Roaming\npm;C:\Users\123\go\bin;C:\Program Files\Bandizip\;."/>
    <property name="java.vm.info" value="mixed mode"/>
    <property name="java.vendor" value="Oracle Corporation"/>
    <property name="java.vm.version" value="25.131-b11"/>
    <property name="java.ext.dirs" value="D:\Java\JDK\jre\lib\ext;C:\Windows\Sun\Java\lib\ext"/>
    <property name="sun.io.unicode.encoding" value="UnicodeLittle"/>
    <property name="java.class.version" value="52.0"/>
  </properties>
  <testcase name="testExist" classname="cn.leaseplatform.ServiceOssTest" time="0.936"/>
</testsuite>